<?xml version="1.0" encoding="UTF-8"?>
<testsuite xmlns:xsi="http://www.w3.org/2001/XMLSchema-instance" xsi:noNamespaceSchemaLocation="https://maven.apache.org/surefire/maven-surefire-plugin/xsd/surefire-test-report-3.0.xsd" version="3.0" name="com.msb.test.Test" time="0.004" tests="0" errors="0" skipped="0" failures="0">
  <properties>
    <property name="sun.desktop" value="windows"/>
    <property name="awt.toolkit" value="sun.awt.windows.WToolkit"/>
    <property name="file.encoding.pkg" value="sun.io"/>
    <property name="java.specification.version" value="1.8"/>
    <property name="sun.cpu.isalist" value="amd64"/>
    <property name="sun.jnu.encoding" value="GBK"/>
    <property name="java.class.path" value="D:\Code\Java\Test\study\SpringModule\target\test-classes;D:\Code\Java\Test\study\SpringModule\target\classes;D:\Maven\repository\org\springframework\spring-context\5.3.39\spring-context-5.3.39.jar;D:\Maven\repository\org\springframework\spring-aop\5.3.39\spring-aop-5.3.39.jar;D:\Maven\repository\org\springframework\spring-beans\5.3.39\spring-beans-5.3.39.jar;D:\Maven\repository\org\springframework\spring-core\5.3.39\spring-core-5.3.39.jar;D:\Maven\repository\org\springframework\spring-jcl\5.3.39\spring-jcl-5.3.39.jar;D:\Maven\repository\org\springframework\spring-expression\5.3.39\spring-expression-5.3.39.jar;"/>
    <property name="java.vm.vendor" value="Oracle Corporation"/>
    <property name="sun.arch.data.model" value="64"/>
    <property name="user.variant" value=""/>
    <property name="java.vendor.url" value="http://java.oracle.com/"/>
    <property name="user.timezone" value="Asia/Shanghai"/>
    <property name="java.vm.specification.version" value="1.8"/>
    <property name="os.name" value="Windows 11"/>
    <property name="user.country" value="CN"/>
    <property name="sun.java.launcher" value="SUN_STANDARD"/>
    <property name="sun.boot.library.path" value="D:\Java\JDK8\jre\bin"/>
    <property name="sun.java.command" value="C:\Users\Administrator\AppData\Local\Temp\surefire1759405220041216881\surefirebooter-20240827094613043_3.jar C:\Users\Administrator\AppData\Local\Temp\surefire1759405220041216881 2024-08-27T09-46-09_850-jvmRun1 surefire-20240827094613043_1tmp surefire_0-20240827094613043_2tmp"/>
    <property name="surefire.test.class.path" value="D:\Code\Java\Test\study\SpringModule\target\test-classes;D:\Code\Java\Test\study\SpringModule\target\classes;D:\Maven\repository\org\springframework\spring-context\5.3.39\spring-context-5.3.39.jar;D:\Maven\repository\org\springframework\spring-aop\5.3.39\spring-aop-5.3.39.jar;D:\Maven\repository\org\springframework\spring-beans\5.3.39\spring-beans-5.3.39.jar;D:\Maven\repository\org\springframework\spring-core\5.3.39\spring-core-5.3.39.jar;D:\Maven\repository\org\springframework\spring-jcl\5.3.39\spring-jcl-5.3.39.jar;D:\Maven\repository\org\springframework\spring-expression\5.3.39\spring-expression-5.3.39.jar;"/>
    <property name="sun.cpu.endian" value="little"/>
    <property name="user.home" value="C:\Users\Administrator"/>
    <property name="user.language" value="zh"/>
    <property name="java.specification.vendor" value="Oracle Corporation"/>
    <property name="java.home" value="D:\Java\JDK8\jre"/>
    <property name="basedir" value="D:\Code\Java\Test\study\SpringModule"/>
    <property name="file.separator" value="\"/>
    <property name="line.separator" value="&#10;"/>
    <property name="java.vm.specification.vendor" value="Oracle Corporation"/>
    <property name="java.specification.name" value="Java Platform API Specification"/>
    <property name="java.awt.graphicsenv" value="sun.awt.Win32GraphicsEnvironment"/>
    <property name="surefire.real.class.path" value="C:\Users\Administrator\AppData\Local\Temp\surefire1759405220041216881\surefirebooter-20240827094613043_3.jar"/>
    <property name="sun.boot.class.path" value="D:\Java\JDK8\jre\lib\resources.jar;D:\Java\JDK8\jre\lib\rt.jar;D:\Java\JDK8\jre\lib\jsse.jar;D:\Java\JDK8\jre\lib\jce.jar;D:\Java\JDK8\jre\lib\charsets.jar;D:\Java\JDK8\jre\lib\jfr.jar;D:\Java\JDK8\jre\classes"/>
    <property name="user.script" value=""/>
    <property name="sun.management.compiler" value="HotSpot 64-Bit Tiered Compilers"/>
    <property name="java.runtime.version" value="1.8.0_361-b09"/>
    <property name="user.name" value="Administrator"/>
    <property name="path.separator" value=";"/>
    <property name="os.version" value="10.0"/>
    <property name="java.endorsed.dirs" value="D:\Java\JDK8\jre\lib\endorsed"/>
    <property name="java.runtime.name" value="Java(TM) SE Runtime Environment"/>
    <property name="file.encoding" value="GBK"/>
    <property name="java.vm.name" value="Java HotSpot(TM) 64-Bit Server VM"/>
    <property name="localRepository" value="D:\Maven\repository"/>
    <property name="java.vendor.url.bug" value="http://bugreport.sun.com/bugreport/"/>
    <property name="java.io.tmpdir" value="C:\Users\ADMINI~1\AppData\Local\Temp\"/>
    <property name="idea.version" value="2024.2.0.2"/>
    <property name="java.version" value="1.8.0_361"/>
    <property name="user.dir" value="D:\Code\Java\Test\study\SpringModule"/>
    <property name="os.arch" value="amd64"/>
    <property name="java.vm.specification.name" value="Java Virtual Machine Specification"/>
    <property name="java.awt.printerjob" value="sun.awt.windows.WPrinterJob"/>
    <property name="sun.os.patch.level" value=""/>
    <property name="java.library.path" value="D:\Java\JDK8\jre\bin;C:\WINDOWS\Sun\Java\bin;C:\WINDOWS\system32;C:\WINDOWS;D:\anaconda\condabin;C:\Program Files (x86)\Common Files\Oracle\Java\javapath;C:\WINDOWS\system32;C:\WINDOWS;C:\WINDOWS\System32\Wbem;C:\WINDOWS\System32\WindowsPowerShell\v1.0\;C:\WINDOWS\System32\OpenSSH\;D:\toolchains\;C:\Program Files\Git\cmd;C:\Program Files\dotnet\;D:\anaconda;D:\anaconda\Scripts;D:\anaconda\Library\bin;D:\Java\JDK8\bin;D:\Java\JDK8\jre\bin;D:\Maven\bin;D:\Redis;D:\MySQL\Files\MySQL Server 8.0\bin;D:\sqlite;D:\MySQL\MySQL Shell 8.0\bin\;C:\Users\Administrator\AppData\Local\Microsoft\WindowsApps;D:\Microsoft VS Code\bin;D:\IDEA\IntelliJ IDEA Community Edition 2024.2.0.1\bin;;."/>
    <property name="java.vm.info" value="mixed mode"/>
    <property name="java.vendor" value="Oracle Corporation"/>
    <property name="java.vm.version" value="25.361-b09"/>
    <property name="java.specification.maintenance.version" value="4"/>
    <property name="java.ext.dirs" value="D:\Java\JDK8\jre\lib\ext;C:\WINDOWS\Sun\Java\lib\ext"/>
    <property name="sun.io.unicode.encoding" value="UnicodeLittle"/>
    <property name="maven.repo.local" value="D:\Maven\repository"/>
    <property name="java.class.version" value="52.0"/>
  </properties>
</testsuite>